0 info it worked if it ends with ok
1 verbose cli [ '/usr/bin/nodejs', '/usr/bin/npm', 'start' ]
2 info using npm@3.5.2
3 info using node@v4.2.6
4 verbose run-script [ 'prestart', 'start', 'poststart' ]
5 info lifecycle tanuki@0.0.0~prestart: tanuki@0.0.0
6 silly lifecycle tanuki@0.0.0~prestart: no script for prestart, continuing
7 info lifecycle tanuki@0.0.0~start: tanuki@0.0.0
8 verbose lifecycle tanuki@0.0.0~start: unsafe-perm in lifecycle true
9 verbose lifecycle tanuki@0.0.0~start: PATH: /usr/share/npm/bin/node-gyp-bin:/home/erwan/SEEDUP/express-postgress-boilerplate/node_modules/.bin:/home/erwan/.cargo/bin:/home/erwan/bin:/home/erwan/.local/bin:/usr/local/sbin:/usr/local/bin:/usr/sbin:/usr/bin:/sbin:/bin:/usr/games:/usr/local/games:/home/erwan/.rvm/bin:/opt/Android/Sdk/platform-tools:/home/erwan/.rvm/bin:/opt/Android/Sdk//tools:/opt/Android/Sdk//platform-tools
10 verbose lifecycle tanuki@0.0.0~start: CWD: /home/erwan/SEEDUP/express-postgress-boilerplate
11 silly lifecycle tanuki@0.0.0~start: Args: [ '-c', 'npm run dev' ]
12 silly lifecycle tanuki@0.0.0~start: Returned: code: 1  signal: null
13 info lifecycle tanuki@0.0.0~start: Failed to exec start script
14 verbose stack Error: tanuki@0.0.0 start: `npm run dev`
14 verbose stack Exit status 1
14 verbose stack     at EventEmitter.<anonymous> (/usr/share/npm/lib/utils/lifecycle.js:232:16)
14 verbose stack     at emitTwo (events.js:87:13)
14 verbose stack     at EventEmitter.emit (events.js:172:7)
14 verbose stack     at ChildProcess.<anonymous> (/usr/share/npm/lib/utils/spawn.js:24:14)
14 verbose stack     at emitTwo (events.js:87:13)
14 verbose stack     at ChildProcess.emit (events.js:172:7)
14 verbose stack     at maybeClose (internal/child_process.js:821:16)
14 verbose stack     at Process.ChildProcess._handle.onexit (internal/child_process.js:211:5)
15 verbose pkgid tanuki@0.0.0
16 verbose cwd /home/erwan/SEEDUP/express-postgress-boilerplate
17 error Linux 4.4.0-77-generic
18 error argv "/usr/bin/nodejs" "/usr/bin/npm" "start"
19 error node v4.2.6
20 error npm  v3.5.2
21 error code ELIFECYCLE
22 error tanuki@0.0.0 start: `npm run dev`
22 error Exit status 1
23 error Failed at the tanuki@0.0.0 start script 'npm run dev'.
23 error Make sure you have the latest version of node.js and npm installed.
23 error If you do, this is most likely a problem with the tanuki package,
23 error not with npm itself.
23 error Tell the author that this fails on your system:
23 error     npm run dev
23 error You can get information on how to open an issue for this project with:
23 error     npm bugs tanuki
23 error Or if that isn't available, you can get their info via:
23 error     npm owner ls tanuki
23 error There is likely additional logging output above.
24 verbose exit [ 1, true ]
